DEB [20140429-16:00:25.204] thr=1   paramiko.transport: starting thread (client mode): 0x2d68750L
INF [20140429-16:00:25.204] thr=1   paramiko.transport: Connected (version 2.0, client OpenSSH_6.0p1)
DEB [20140429-16:00:25.209] thr=1   paramiko.transport: kex algos:[u'ecdh-sha2-nistp256', u'ecdh-sha2-nistp384', u'ecdh-sha2-nistp521', u'diffie-hellman-group-exchange-sha256', u'diffie-hellman-group-exchange-sha1', u'diffie-hellman-group14-sha1', u'diffie-hellman-group1-sha1'] server key:[u'ssh-rsa', u'ssh-dss', u'ecdsa-sha2-nistp256'] client encrypt:[u'aes128-ctr', u'aes192-ctr', u'aes256-ctr', u'arcfour256', u'arcfour128', u'aes128-cbc', u'3des-cbc', u'blowfish-cbc', u'cast128-cbc', u'aes192-cbc', u'aes256-cbc', u'arcfour', u'rijndael-cbc@lysator.liu.se'] server encrypt:[u'aes128-ctr', u'aes192-ctr', u'aes256-ctr', u'arcfour256', u'arcfour128', u'aes128-cbc', u'3des-cbc', u'blowfish-cbc', u'cast128-cbc', u'aes192-cbc', u'aes256-cbc', u'arcfour', u'rijndael-cbc@lysator.liu.se'] client mac:[u'hmac-md5', u'hmac-sha1', u'umac-64@openssh.com', u'hmac-sha2-256', u'hmac-sha2-256-96', u'hmac-sha2-512', u'hmac-sha2-512-96', u'hmac-ripemd160', u'hmac-ripemd160@openssh.com', u'hmac-sha1-96', u'hmac-md5-96'] server mac:[u'hmac-md5', u'hmac-sha1', u'umac-64@openssh.com', u'hmac-sha2-256', u'hmac-sha2-256-96', u'hmac-sha2-512', u'hmac-sha2-512-96', u'hmac-ripemd160', u'hmac-ripemd160@openssh.com', u'hmac-sha1-96', u'hmac-md5-96'] client compress:[u'none', u'zlib@openssh.com'] server compress:[u'none', u'zlib@openssh.com'] client lang:[u''] server lang:[u''] kex follows?False
DEB [20140429-16:00:25.209] thr=1   paramiko.transport: Ciphers agreed: local=aes128-ctr, remote=aes128-ctr
DEB [20140429-16:00:25.209] thr=1   paramiko.transport: using kex diffie-hellman-group1-sha1; server key type ssh-rsa; cipher: local aes128-ctr, remote aes128-ctr; mac: local hmac-sha1, remote hmac-sha1; compression: local none, remote none
DEB [20140429-16:00:25.279] thr=1   paramiko.transport: Switch to new keys ...
DEB [20140429-16:00:25.298] thr=2   paramiko.transport: Adding ssh-rsa host key for 192.168.40.200: ef0eb2923ee217bea61d1c726b5da1d6
DEB [20140429-16:00:25.315] thr=1   paramiko.transport: userauth is OK
INF [20140429-16:00:30.578] thr=1   paramiko.transport: Authentication (password) successful!
DEB [20140429-16:00:30.601] thr=2   paramiko.transport: [chan 1] Max packet in: 34816 bytes
DEB [20140429-16:00:30.601] thr=1   paramiko.transport: [chan 1] Max packet out: 32768 bytes
INF [20140429-16:00:30.602] thr=1   paramiko.transport: Secsh channel 1 opened.
DEB [20140429-16:00:30.605] thr=1   paramiko.transport: [chan 1] Sesch channel 1 request ok
DEB [20140429-16:00:30.608] thr=1   paramiko.transport: [chan 1] EOF received (1)
DEB [20140429-16:00:30.609] thr=1   paramiko.transport: [chan 1] EOF sent (1)
DEB [20140429-16:00:30.710] thr=1   paramiko.transport: EOF in transport thread
DEB [20140429-16:00:30.746] thr=2   paramiko.transport.sftp: [chan 1] open('/home/test/sd/server.py', 'wb')
DEB [20140429-16:00:30.747] thr=2   paramiko.transport.sftp: [chan 1] open('/home/test/sd/server.py', 'wb') -> 00000000
DEB [20140429-16:00:30.747] thr=2   paramiko.transport.sftp: [chan 1] close(00000000)
DEB [20140429-16:00:30.750] thr=2   paramiko.transport.sftp: [chan 1] stat('/home/test/sd/server.py')
DEB [20140429-16:00:30.766] thr=3   paramiko.transport: starting thread (client mode): 0x2d68790L
INF [20140429-16:00:30.769] thr=3   paramiko.transport: Connected (version 2.0, client OpenSSH_6.0p1)
DEB [20140429-16:00:30.775] thr=3   paramiko.transport: kex algos:[u'ecdh-sha2-nistp256', u'ecdh-sha2-nistp384', u'ecdh-sha2-nistp521', u'diffie-hellman-group-exchange-sha256', u'diffie-hellman-group-exchange-sha1', u'diffie-hellman-group14-sha1', u'diffie-hellman-group1-sha1'] server key:[u'ssh-rsa', u'ssh-dss', u'ecdsa-sha2-nistp256'] client encrypt:[u'aes128-ctr', u'aes192-ctr', u'aes256-ctr', u'arcfour256', u'arcfour128', u'aes128-cbc', u'3des-cbc', u'blowfish-cbc', u'cast128-cbc', u'aes192-cbc', u'aes256-cbc', u'arcfour', u'rijndael-cbc@lysator.liu.se'] server encrypt:[u'aes128-ctr', u'aes192-ctr', u'aes256-ctr', u'arcfour256', u'arcfour128', u'aes128-cbc', u'3des-cbc', u'blowfish-cbc', u'cast128-cbc', u'aes192-cbc', u'aes256-cbc', u'arcfour', u'rijndael-cbc@lysator.liu.se'] client mac:[u'hmac-md5', u'hmac-sha1', u'umac-64@openssh.com', u'hmac-sha2-256', u'hmac-sha2-256-96', u'hmac-sha2-512', u'hmac-sha2-512-96', u'hmac-ripemd160', u'hmac-ripemd160@openssh.com', u'hmac-sha1-96', u'hmac-md5-96'] server mac:[u'hmac-md5', u'hmac-sha1', u'umac-64@openssh.com', u'hmac-sha2-256', u'hmac-sha2-256-96', u'hmac-sha2-512', u'hmac-sha2-512-96', u'hmac-ripemd160', u'hmac-ripemd160@openssh.com', u'hmac-sha1-96', u'hmac-md5-96'] client compress:[u'none', u'zlib@openssh.com'] server compress:[u'none', u'zlib@openssh.com'] client lang:[u''] server lang:[u''] kex follows?False
DEB [20140429-16:00:30.775] thr=3   paramiko.transport: Ciphers agreed: local=aes128-ctr, remote=aes128-ctr
DEB [20140429-16:00:30.775] thr=3   paramiko.transport: using kex diffie-hellman-group1-sha1; server key type ssh-rsa; cipher: local aes128-ctr, remote aes128-ctr; mac: local hmac-sha1, remote hmac-sha1; compression: local none, remote none
DEB [20140429-16:00:30.841] thr=3   paramiko.transport: Switch to new keys ...
DEB [20140429-16:00:30.869] thr=2   paramiko.transport: Adding ssh-rsa host key for 192.168.40.200: ef0eb2923ee217bea61d1c726b5da1d6
DEB [20140429-16:00:30.881] thr=3   paramiko.transport: userauth is OK
INF [20140429-16:00:41.079] thr=3   paramiko.transport: Authentication (password) successful!
DEB [20140429-16:00:41.089] thr=2   paramiko.transport: [chan 1] Max packet in: 34816 bytes
DEB [20140429-16:00:41.092] thr=3   paramiko.transport: [chan 1] Max packet out: 32768 bytes
INF [20140429-16:00:41.094] thr=3   paramiko.transport: Secsh channel 1 opened.
DEB [20140429-16:00:41.098] thr=3   paramiko.transport: [chan 1] Sesch channel 1 request ok
DEB [20140429-16:00:41.101] thr=3   paramiko.transport: [chan 1] EOF received (1)
DEB [20140429-16:00:41.102] thr=3   paramiko.transport: [chan 1] EOF sent (1)
DEB [20140429-16:00:41.203] thr=3   paramiko.transport: EOF in transport thread
DEB [20140429-16:00:41.276] thr=2   paramiko.transport.sftp: [chan 1] open('/home/test/sd/sd/server_ini.py', 'wb')
DEB [20140429-16:00:41.278] thr=2   paramiko.transport.sftp: [chan 1] open('/home/test/sd/sd/server_ini.py', 'wb') -> 00000000
DEB [20140429-16:00:41.279] thr=2   paramiko.transport.sftp: [chan 1] close(00000000)
DEB [20140429-16:00:41.280] thr=2   paramiko.transport.sftp: [chan 1] stat('/home/test/sd/sd/server_ini.py')
DEB [20140429-16:00:41.302] thr=4   paramiko.transport: starting thread (client mode): 0x2d68570L
INF [20140429-16:00:41.302] thr=4   paramiko.transport: Connected (version 2.0, client OpenSSH_6.0p1)
DEB [20140429-16:00:41.305] thr=4   paramiko.transport: kex algos:[u'ecdh-sha2-nistp256', u'ecdh-sha2-nistp384', u'ecdh-sha2-nistp521', u'diffie-hellman-group-exchange-sha256', u'diffie-hellman-group-exchange-sha1', u'diffie-hellman-group14-sha1', u'diffie-hellman-group1-sha1'] server key:[u'ssh-rsa', u'ssh-dss', u'ecdsa-sha2-nistp256'] client encrypt:[u'aes128-ctr', u'aes192-ctr', u'aes256-ctr', u'arcfour256', u'arcfour128', u'aes128-cbc', u'3des-cbc', u'blowfish-cbc', u'cast128-cbc', u'aes192-cbc', u'aes256-cbc', u'arcfour', u'rijndael-cbc@lysator.liu.se'] server encrypt:[u'aes128-ctr', u'aes192-ctr', u'aes256-ctr', u'arcfour256', u'arcfour128', u'aes128-cbc', u'3des-cbc', u'blowfish-cbc', u'cast128-cbc', u'aes192-cbc', u'aes256-cbc', u'arcfour', u'rijndael-cbc@lysator.liu.se'] client mac:[u'hmac-md5', u'hmac-sha1', u'umac-64@openssh.com', u'hmac-sha2-256', u'hmac-sha2-256-96', u'hmac-sha2-512', u'hmac-sha2-512-96', u'hmac-ripemd160', u'hmac-ripemd160@openssh.com', u'hmac-sha1-96', u'hmac-md5-96'] server mac:[u'hmac-md5', u'hmac-sha1', u'umac-64@openssh.com', u'hmac-sha2-256', u'hmac-sha2-256-96', u'hmac-sha2-512', u'hmac-sha2-512-96', u'hmac-ripemd160', u'hmac-ripemd160@openssh.com', u'hmac-sha1-96', u'hmac-md5-96'] client compress:[u'none', u'zlib@openssh.com'] server compress:[u'none', u'zlib@openssh.com'] client lang:[u''] server lang:[u''] kex follows?False
DEB [20140429-16:00:41.305] thr=4   paramiko.transport: Ciphers agreed: local=aes128-ctr, remote=aes128-ctr
DEB [20140429-16:00:41.305] thr=4   paramiko.transport: using kex diffie-hellman-group1-sha1; server key type ssh-rsa; cipher: local aes128-ctr, remote aes128-ctr; mac: local hmac-sha1, remote hmac-sha1; compression: local none, remote none
DEB [20140429-16:00:41.377] thr=4   paramiko.transport: Switch to new keys ...
DEB [20140429-16:00:41.397] thr=2   paramiko.transport: Adding ssh-rsa host key for 192.168.40.200: ef0eb2923ee217bea61d1c726b5da1d6
DEB [20140429-16:00:41.415] thr=4   paramiko.transport: userauth is OK
INF [20140429-16:00:46.674] thr=4   paramiko.transport: Authentication (password) successful!
DEB [20140429-16:00:46.707] thr=2   paramiko.transport: [chan 1] Max packet in: 34816 bytes
DEB [20140429-16:00:46.710] thr=4   paramiko.transport: [chan 1] Max packet out: 32768 bytes
INF [20140429-16:00:46.710] thr=4   paramiko.transport: Secsh channel 1 opened.
DEB [20140429-16:00:46.714] thr=4   paramiko.transport: [chan 1] Sesch channel 1 request ok
DEB [20140429-16:00:46.717] thr=4   paramiko.transport: [chan 1] EOF received (1)
DEB [20140429-16:00:46.720] thr=4   paramiko.transport: [chan 1] EOF sent (1)
DEB [20140429-16:00:46.821] thr=4   paramiko.transport: EOF in transport thread
DEB [20140429-16:00:46.865] thr=2   paramiko.transport.sftp: [chan 1] open('/home/test/sd/sd/server_ini.pyc', 'wb')
DEB [20140429-16:00:46.868] thr=2   paramiko.transport.sftp: [chan 1] open('/home/test/sd/sd/server_ini.pyc', 'wb') -> 00000000
DEB [20140429-16:00:46.868] thr=2   paramiko.transport.sftp: [chan 1] close(00000000)
DEB [20140429-16:00:46.871] thr=2   paramiko.transport.sftp: [chan 1] stat('/home/test/sd/sd/server_ini.pyc')
DEB [20140429-16:00:46.891] thr=5   paramiko.transport: starting thread (client mode): 0x2d688d0L
INF [20140429-16:00:46.891] thr=5   paramiko.transport: Connected (version 2.0, client OpenSSH_6.0p1)
DEB [20140429-16:00:46.894] thr=5   paramiko.transport: kex algos:[u'ecdh-sha2-nistp256', u'ecdh-sha2-nistp384', u'ecdh-sha2-nistp521', u'diffie-hellman-group-exchange-sha256', u'diffie-hellman-group-exchange-sha1', u'diffie-hellman-group14-sha1', u'diffie-hellman-group1-sha1'] server key:[u'ssh-rsa', u'ssh-dss', u'ecdsa-sha2-nistp256'] client encrypt:[u'aes128-ctr', u'aes192-ctr', u'aes256-ctr', u'arcfour256', u'arcfour128', u'aes128-cbc', u'3des-cbc', u'blowfish-cbc', u'cast128-cbc', u'aes192-cbc', u'aes256-cbc', u'arcfour', u'rijndael-cbc@lysator.liu.se'] server encrypt:[u'aes128-ctr', u'aes192-ctr', u'aes256-ctr', u'arcfour256', u'arcfour128', u'aes128-cbc', u'3des-cbc', u'blowfish-cbc', u'cast128-cbc', u'aes192-cbc', u'aes256-cbc', u'arcfour', u'rijndael-cbc@lysator.liu.se'] client mac:[u'hmac-md5', u'hmac-sha1', u'umac-64@openssh.com', u'hmac-sha2-256', u'hmac-sha2-256-96', u'hmac-sha2-512', u'hmac-sha2-512-96', u'hmac-ripemd160', u'hmac-ripemd160@openssh.com', u'hmac-sha1-96', u'hmac-md5-96'] server mac:[u'hmac-md5', u'hmac-sha1', u'umac-64@openssh.com', u'hmac-sha2-256', u'hmac-sha2-256-96', u'hmac-sha2-512', u'hmac-sha2-512-96', u'hmac-ripemd160', u'hmac-ripemd160@openssh.com', u'hmac-sha1-96', u'hmac-md5-96'] client compress:[u'none', u'zlib@openssh.com'] server compress:[u'none', u'zlib@openssh.com'] client lang:[u''] server lang:[u''] kex follows?False
DEB [20140429-16:00:46.894] thr=5   paramiko.transport: Ciphers agreed: local=aes128-ctr, remote=aes128-ctr
DEB [20140429-16:00:46.894] thr=5   paramiko.transport: using kex diffie-hellman-group1-sha1; server key type ssh-rsa; cipher: local aes128-ctr, remote aes128-ctr; mac: local hmac-sha1, remote hmac-sha1; compression: local none, remote none
DEB [20140429-16:00:46.960] thr=5   paramiko.transport: Switch to new keys ...
DEB [20140429-16:00:46.987] thr=2   paramiko.transport: Adding ssh-rsa host key for 192.168.40.200: ef0eb2923ee217bea61d1c726b5da1d6
DEB [20140429-16:00:47.002] thr=5   paramiko.transport: userauth is OK
INF [20140429-16:00:52.250] thr=5   paramiko.transport: Authentication (password) successful!
DEB [20140429-16:00:52.263] thr=2   paramiko.transport: [chan 1] Max packet in: 34816 bytes
DEB [20140429-16:00:52.266] thr=5   paramiko.transport: [chan 1] Max packet out: 32768 bytes
INF [20140429-16:00:52.266] thr=5   paramiko.transport: Secsh channel 1 opened.
DEB [20140429-16:00:52.269] thr=5   paramiko.transport: [chan 1] Sesch channel 1 request ok
DEB [20140429-16:00:52.273] thr=5   paramiko.transport: [chan 1] EOF received (1)
DEB [20140429-16:00:52.273] thr=5   paramiko.transport: [chan 1] EOF sent (1)
DEB [20140429-16:00:52.375] thr=5   paramiko.transport: EOF in transport thread
DEB [20140429-16:00:52.424] thr=2   paramiko.transport.sftp: [chan 1] open('/home/test/sdffdf/Print_Info.pyc', 'wb')
DEB [20140429-16:00:52.427] thr=2   paramiko.transport.sftp: [chan 1] open('/home/test/sdffdf/Print_Info.pyc', 'wb') -> 00000000
DEB [20140429-16:00:52.427] thr=2   paramiko.transport.sftp: [chan 1] close(00000000)
DEB [20140429-16:00:52.430] thr=2   paramiko.transport.sftp: [chan 1] stat('/home/test/sdffdf/Print_Info.pyc')
DEB [20140429-16:00:52.532] thr=6   paramiko.transport: EOF in transport thread
